  stdafx.cpp
  m_calib-data_2.cpp
D:\ikeda_data\校正・精度データ\1.ノイズ除去プログラム12ch送信8 - コピー\m_calib-data_2\m_calib-data_2.cpp(1,1): warning C4819: ファイルは、現在のコード ページ (932) で表示できない文字を含んでいます。データの損失を防ぐために、ファイルを Unicode 形式で保存してください。
D:\ikeda_data\校正・精度データ\1.ノイズ除去プログラム12ch送信8 - コピー\m_calib-data_2\m_calib-data_2.cpp(144,10): warning C4101: 'k': ローカル変数は 1 度も使われていません。
  (ソース ファイル '/m_calib-data_2.cpp' をコンパイルしています)
  
D:\ikeda_data\校正・精度データ\1.ノイズ除去プログラム12ch送信8 - コピー\m_calib-data_2\m_calib-data_2.cpp(165,10): warning C4101: 'k': ローカル変数は 1 度も使われていません。
  (ソース ファイル '/m_calib-data_2.cpp' をコンパイルしています)
  
D:\ikeda_data\校正・精度データ\1.ノイズ除去プログラム12ch送信8 - コピー\m_calib-data_2\m_calib-data_2.cpp(179,10): warning C4101: 'k': ローカル変数は 1 度も使われていません。
  (ソース ファイル '/m_calib-data_2.cpp' をコンパイルしています)
  
D:\ikeda_data\校正・精度データ\1.ノイズ除去プログラム12ch送信8 - コピー\m_calib-data_2\m_calib-data_2.cpp(196,10): warning C4101: 'k': ローカル変数は 1 度も使われていません。
  (ソース ファイル '/m_calib-data_2.cpp' をコンパイルしています)
  
D:\ikeda_data\校正・精度データ\1.ノイズ除去プログラム12ch送信8 - コピー\m_calib-data_2\m_calib-data_2.cpp(241,3): warning C4996: 'scanf': This function or variable may be unsafe. Consider using scanf_s instead. To disable deprecation, use _CRT_SECURE_NO_WARNINGS. See online help for details.
  (ソース ファイル '/m_calib-data_2.cpp' をコンパイルしています)
  
D:\ikeda_data\校正・精度データ\1.ノイズ除去プログラム12ch送信8 - コピー\m_calib-data_2\m_calib-data_2.cpp(245,2): warning C4996: 'scanf': This function or variable may be unsafe. Consider using scanf_s instead. To disable deprecation, use _CRT_SECURE_NO_WARNINGS. See online help for details.
  (ソース ファイル '/m_calib-data_2.cpp' をコンパイルしています)
  
D:\ikeda_data\校正・精度データ\1.ノイズ除去プログラム12ch送信8 - コピー\m_calib-data_2\m_calib-data_2.cpp(248,3): warning C4996: 'scanf': This function or variable may be unsafe. Consider using scanf_s instead. To disable deprecation, use _CRT_SECURE_NO_WARNINGS. See online help for details.
  (ソース ファイル '/m_calib-data_2.cpp' をコンパイルしています)
  
D:\ikeda_data\校正・精度データ\1.ノイズ除去プログラム12ch送信8 - コピー\m_calib-data_2\m_calib-data_2.cpp(250,3): warning C4996: 'scanf': This function or variable may be unsafe. Consider using scanf_s instead. To disable deprecation, use _CRT_SECURE_NO_WARNINGS. See online help for details.
  (ソース ファイル '/m_calib-data_2.cpp' をコンパイルしています)
  
D:\ikeda_data\校正・精度データ\1.ノイズ除去プログラム12ch送信8 - コピー\m_calib-data_2\m_calib-data_2.cpp(252,3): warning C4996: 'scanf': This function or variable may be unsafe. Consider using scanf_s instead. To disable deprecation, use _CRT_SECURE_NO_WARNINGS. See online help for details.
  (ソース ファイル '/m_calib-data_2.cpp' をコンパイルしています)
  
D:\ikeda_data\校正・精度データ\1.ノイズ除去プログラム12ch送信8 - コピー\m_calib-data_2\m_calib-data_2.cpp(259,4): warning C4996: 'sprintf': This function or variable may be unsafe. Consider using sprintf_s instead. To disable deprecation, use _CRT_SECURE_NO_WARNINGS. See online help for details.
  (ソース ファイル '/m_calib-data_2.cpp' をコンパイルしています)
  
D:\ikeda_data\校正・精度データ\1.ノイズ除去プログラム12ch送信8 - コピー\m_calib-data_2\m_calib-data_2.cpp(260,4): warning C4996: 'sprintf': This function or variable may be unsafe. Consider using sprintf_s instead. To disable deprecation, use _CRT_SECURE_NO_WARNINGS. See online help for details.
  (ソース ファイル '/m_calib-data_2.cpp' をコンパイルしています)
  
D:\ikeda_data\校正・精度データ\1.ノイズ除去プログラム12ch送信8 - コピー\m_calib-data_2\m_calib-data_2.cpp(261,15): warning C4996: 'fopen': This function or variable may be unsafe. Consider using fopen_s instead. To disable deprecation, use _CRT_SECURE_NO_WARNINGS. See online help for details.
  (ソース ファイル '/m_calib-data_2.cpp' をコンパイルしています)
  
D:\ikeda_data\校正・精度データ\1.ノイズ除去プログラム12ch送信8 - コピー\m_calib-data_2\m_calib-data_2.cpp(262,4): warning C4996: 'sprintf': This function or variable may be unsafe. Consider using sprintf_s instead. To disable deprecation, use _CRT_SECURE_NO_WARNINGS. See online help for details.
  (ソース ファイル '/m_calib-data_2.cpp' をコンパイルしています)
  
D:\ikeda_data\校正・精度データ\1.ノイズ除去プログラム12ch送信8 - コピー\m_calib-data_2\m_calib-data_2.cpp(263,16): warning C4996: 'fopen': This function or variable may be unsafe. Consider using fopen_s instead. To disable deprecation, use _CRT_SECURE_NO_WARNINGS. See online help for details.
  (ソース ファイル '/m_calib-data_2.cpp' をコンパイルしています)
  
D:\ikeda_data\校正・精度データ\1.ノイズ除去プログラム12ch送信8 - コピー\m_calib-data_2\m_calib-data_2.cpp(264,4): warning C4996: 'sprintf': This function or variable may be unsafe. Consider using sprintf_s instead. To disable deprecation, use _CRT_SECURE_NO_WARNINGS. See online help for details.
  (ソース ファイル '/m_calib-data_2.cpp' をコンパイルしています)
  
D:\ikeda_data\校正・精度データ\1.ノイズ除去プログラム12ch送信8 - コピー\m_calib-data_2\m_calib-data_2.cpp(265,16): warning C4996: 'fopen': This function or variable may be unsafe. Consider using fopen_s instead. To disable deprecation, use _CRT_SECURE_NO_WARNINGS. See online help for details.
  (ソース ファイル '/m_calib-data_2.cpp' をコンパイルしています)
  
D:\ikeda_data\校正・精度データ\1.ノイズ除去プログラム12ch送信8 - コピー\m_calib-data_2\m_calib-data_2.cpp(268,4): warning C4996: 'sprintf': This function or variable may be unsafe. Consider using sprintf_s instead. To disable deprecation, use _CRT_SECURE_NO_WARNINGS. See online help for details.
  (ソース ファイル '/m_calib-data_2.cpp' をコンパイルしています)
  
D:\ikeda_data\校正・精度データ\1.ノイズ除去プログラム12ch送信8 - コピー\m_calib-data_2\m_calib-data_2.cpp(269,4): warning C4996: 'sprintf': This function or variable may be unsafe. Consider using sprintf_s instead. To disable deprecation, use _CRT_SECURE_NO_WARNINGS. See online help for details.
  (ソース ファイル '/m_calib-data_2.cpp' をコンパイルしています)
  
D:\ikeda_data\校正・精度データ\1.ノイズ除去プログラム12ch送信8 - コピー\m_calib-data_2\m_calib-data_2.cpp(270,13): warning C4996: 'fopen': This function or variable may be unsafe. Consider using fopen_s instead. To disable deprecation, use _CRT_SECURE_NO_WARNINGS. See online help for details.
  (ソース ファイル '/m_calib-data_2.cpp' をコンパイルしています)
  
D:\ikeda_data\校正・精度データ\1.ノイズ除去プログラム12ch送信8 - コピー\m_calib-data_2\m_calib-data_2.cpp(273,6): warning C4996: 'fscanf': This function or variable may be unsafe. Consider using fscanf_s instead. To disable deprecation, use _CRT_SECURE_NO_WARNINGS. See online help for details.
  (ソース ファイル '/m_calib-data_2.cpp' をコンパイルしています)
  
D:\ikeda_data\校正・精度データ\1.ノイズ除去プログラム12ch送信8 - コピー\m_calib-data_2\m_calib-data_2.cpp(274,5): warning C4996: 'fscanf': This function or variable may be unsafe. Consider using fscanf_s instead. To disable deprecation, use _CRT_SECURE_NO_WARNINGS. See online help for details.
  (ソース ファイル '/m_calib-data_2.cpp' をコンパイルしています)
  
D:\ikeda_data\校正・精度データ\1.ノイズ除去プログラム12ch送信8 - コピー\m_calib-data_2\m_calib-data_2.cpp(276,4): warning C4996: 'fscanf': This function or variable may be unsafe. Consider using fscanf_s instead. To disable deprecation, use _CRT_SECURE_NO_WARNINGS. See online help for details.
  (ソース ファイル '/m_calib-data_2.cpp' をコンパイルしています)
  
D:\ikeda_data\校正・精度データ\1.ノイズ除去プログラム12ch送信8 - コピー\m_calib-data_2\m_calib-data_2.cpp(279,6): warning C4996: 'fscanf': This function or variable may be unsafe. Consider using fscanf_s instead. To disable deprecation, use _CRT_SECURE_NO_WARNINGS. See online help for details.
  (ソース ファイル '/m_calib-data_2.cpp' をコンパイルしています)
  
D:\ikeda_data\校正・精度データ\1.ノイズ除去プログラム12ch送信8 - コピー\m_calib-data_2\m_calib-data_2.cpp(280,5): warning C4996: 'fscanf': This function or variable may be unsafe. Consider using fscanf_s instead. To disable deprecation, use _CRT_SECURE_NO_WARNINGS. See online help for details.
  (ソース ファイル '/m_calib-data_2.cpp' をコンパイルしています)
  
D:\ikeda_data\校正・精度データ\1.ノイズ除去プログラム12ch送信8 - コピー\m_calib-data_2\m_calib-data_2.cpp(283,4): warning C4996: 'sprintf': This function or variable may be unsafe. Consider using sprintf_s instead. To disable deprecation, use _CRT_SECURE_NO_WARNINGS. See online help for details.
  (ソース ファイル '/m_calib-data_2.cpp' をコンパイルしています)
  
D:\ikeda_data\校正・精度データ\1.ノイズ除去プログラム12ch送信8 - コピー\m_calib-data_2\m_calib-data_2.cpp(284,11): warning C4996: 'fopen': This function or variable may be unsafe. Consider using fopen_s instead. To disable deprecation, use _CRT_SECURE_NO_WARNINGS. See online help for details.
  (ソース ファイル '/m_calib-data_2.cpp' をコンパイルしています)
  
D:\ikeda_data\校正・精度データ\1.ノイズ除去プログラム12ch送信8 - コピー\m_calib-data_2\m_calib-data_2.cpp(290,6): warning C4996: 'fscanf': This function or variable may be unsafe. Consider using fscanf_s instead. To disable deprecation, use _CRT_SECURE_NO_WARNINGS. See online help for details.
  (ソース ファイル '/m_calib-data_2.cpp' をコンパイルしています)
  
D:\ikeda_data\校正・精度データ\1.ノイズ除去プログラム12ch送信8 - コピー\m_calib-data_2\m_calib-data_2.cpp(291,5): warning C4996: 'fscanf': This function or variable may be unsafe. Consider using fscanf_s instead. To disable deprecation, use _CRT_SECURE_NO_WARNINGS. See online help for details.
  (ソース ファイル '/m_calib-data_2.cpp' をコンパイルしています)
  
  m_calib-data_2.vcxproj -> D:\ikeda_data\校正・精度データ\1.ノイズ除去プログラム12ch送信8 - コピー\m_calib-data_2\Debug\m_calib-data_2.exe
